# JRE version: OpenJDK Runtime Environment Temurin-21.0.8+9 (21.0.8+9) (build 21.0.8+9-LTS)
# Java VM: OpenJDK 64-Bit Server VM Temurin-21.0.8+9 (21.0.8+9-LTS, mixed mode, sharing, tiered, compressed oops, compressed class ptrs, parallel gc, windows-amd64)
GC Precious Log:
 CardTable entry size: 512
 CPUs: 2 total, 2 available
 Memory: 3526M
 Large Page Support: Disabled
 NUMA Support: Disabled
 Compressed Oops: Enabled (32-bit)
 Alignments: Space 512K, Generation 512K, Heap 2M
 Heap Min Capacity: 100M
 Heap Initial Capacity: 100M
 Heap Max Capacity: 2G
 Pre-touch: Disabled
 Parallel Workers: 2
Heap:
 PSYoungGen      total 2560K, used 1747K [0x00000000d5580000, 0x00000000d5980000, 0x0000000100000000)
  eden space 2048K, 82% used [0x00000000d5580000,0x00000000d5724d00,0x00000000d5780000)
  from space 512K, 12% used [0x00000000d5900000,0x00000000d5910000,0x00000000d5980000)
  to   space 512K, 0% used [0x00000000d5880000,0x00000000d5880000,0x00000000d5900000)
 ParOldGen       total 1035776K, used 1035435K [0x0000000080000000, 0x00000000bf380000, 0x00000000d5580000)
  object space 1035776K, 99% used [0x0000000080000000,0x00000000bf32ad90,0x00000000bf380000)
 Metaspace       used 93613K, committed 95296K, reserved 1179648K
  class space    used 9344K, committed 10176K, reserved 1048576K
GC Heap History (20 events):
Event: 44014.526 GC heap before
{Heap before GC invocations=2477 (full 6):
 PSYoungGen      total 3072K, used 3034K [0x00000000d5580000, 0x00000000d6280000, 0x0000000100000000)
  eden space 1024K, 97% used [0x00000000d5580000,0x00000000d5678b20,0x00000000d5680000)
  from space 2048K, 99% used [0x00000000d5b80000,0x00000000d5d7df20,0x00000000d5d80000)
  to   space 5120K, 0% used [0x00000000d5680000,0x00000000d5680000,0x00000000d5b80000)
 ParOldGen       total 1029632K, used 1029517K [0x0000000080000000, 0x00000000bed80000, 0x00000000d5580000)
  object space 1029632K, 99% used [0x0000000080000000,0x00000000bed63730,0x00000000bed80000)
 Metaspace       used 93610K, committed 95296K, reserved 1179648K
  class space    used 9344K, committed 10176K, reserved 1048576K
}
Event: 44014.530 GC heap after
{Heap after GC invocations=2477 (full 6):
 PSYoungGen      total 2048K, used 771K [0x00000000d5580000, 0x00000000d5c00000, 0x0000000100000000)
  eden space 1024K, 0% used [0x00000000d5580000,0x00000000d5580000,0x00000000d5680000)
  from space 1024K, 75% used [0x00000000d5680000,0x00000000d5740ef8,0x00000000d5780000)
  to   space 2560K, 0% used [0x00000000d5980000,0x00000000d5980000,0x00000000d5c00000)
 ParOldGen       total 1031680K, used 1031541K [0x0000000080000000, 0x00000000bef80000, 0x00000000d5580000)
  object space 1031680K, 99% used [0x0000000080000000,0x00000000bef5d430,0x00000000bef80000)
 Metaspace       used 93610K, committed 95296K, reserved 1179648K
  class space    used 9344K, committed 10176K, reserved 1048576K
}
Event: 44014.592 GC heap before
{Heap before GC invocations=2478 (full 6):
 PSYoungGen      total 2048K, used 1795K [0x00000000d5580000, 0x00000000d5c00000, 0x0000000100000000)
  eden space 1024K, 100% used [0x00000000d5580000,0x00000000d5680000,0x00000000d5680000)
  from space 1024K, 75% used [0x00000000d5680000,0x00000000d5740ef8,0x00000000d5780000)
  to   space 2560K, 0% used [0x00000000d5980000,0x00000000d5980000,0x00000000d5c00000)
 ParOldGen       total 1031680K, used 1031541K [0x0000000080000000, 0x00000000bef80000, 0x00000000d5580000)
  object space 1031680K, 99% used [0x0000000080000000,0x00000000bef5d430,0x00000000bef80000)
 Metaspace       used 93610K, committed 95296K, reserved 1179648K
  class space    used 9344K, committed 10176K, reserved 1048576K
}
Event: 44014.596 GC heap after
{Heap after GC invocations=2478 (full 6):
 PSYoungGen      total 2048K, used 824K [0x00000000d5580000, 0x00000000d5a80000, 0x0000000100000000)
  eden space 1024K, 0% used [0x00000000d5580000,0x00000000d5580000,0x00000000d5680000)
  from space 1024K, 80% used [0x00000000d5980000,0x00000000d5a4e350,0x00000000d5a80000)
  to   space 1536K, 0% used [0x00000000d5780000,0x00000000d5780000,0x00000000d5900000)
 ParOldGen       total 1032704K, used 1032283K [0x0000000080000000, 0x00000000bf080000, 0x00000000d5580000)
  object space 1032704K, 99% used [0x0000000080000000,0x00000000bf016f60,0x00000000bf080000)
 Metaspace       used 93610K, committed 95296K, reserved 1179648K
  class space    used 9344K, committed 10176K, reserved 1048576K
}
Event: 44014.716 GC heap before
{Heap before GC invocations=2479 (full 6):
 PSYoungGen      total 2048K, used 1848K [0x00000000d5580000, 0x00000000d5a80000, 0x0000000100000000)
  eden space 1024K, 100% used [0x00000000d5580000,0x00000000d5680000,0x00000000d5680000)
  from space 1024K, 80% used [0x00000000d5980000,0x00000000d5a4e350,0x00000000d5a80000)
  to   space 1536K, 0% used [0x00000000d5780000,0x00000000d5780000,0x00000000d5900000)
 ParOldGen       total 1032704K, used 1032283K [0x0000000080000000, 0x00000000bf080000, 0x00000000d5580000)
  object space 1032704K, 99% used [0x0000000080000000,0x00000000bf016f60,0x00000000bf080000)
 Metaspace       used 93610K, committed 95296K, reserved 1179648K
  class space    used 9344K, committed 10176K, reserved 1048576K
}
Event: 44014.723 GC heap after
{Heap after GC invocations=2479 (full 6):
 PSYoungGen      total 2560K, used 814K [0x00000000d5580000, 0x00000000d5a00000, 0x0000000100000000)
  eden space 1024K, 0% used [0x00000000d5580000,0x00000000d5580000,0x00000000d5680000)
  from space 1536K, 53% used [0x00000000d5780000,0x00000000d584ba08,0x00000000d5900000)
  to   space 1024K, 0% used [0x00000000d5900000,0x00000000d5900000,0x00000000d5a00000)
 ParOldGen       total 1033216K, used 1033068K [0x0000000080000000, 0x00000000bf100000, 0x00000000d5580000)
  object space 1033216K, 99% used [0x0000000080000000,0x00000000bf0db350,0x00000000bf100000)
 Metaspace       used 93610K, committed 95296K, reserved 1179648K
  class space    used 9344K, committed 10176K, reserved 1048576K
}
Event: 44014.754 GC heap before
{Heap before GC invocations=2480 (full 6):
 PSYoungGen      total 2560K, used 1838K [0x00000000d5580000, 0x00000000d5a00000, 0x0000000100000000)
  eden space 1024K, 100% used [0x00000000d5580000,0x00000000d5680000,0x00000000d5680000)
  from space 1536K, 53% used [0x00000000d5780000,0x00000000d584ba08,0x00000000d5900000)
  to   space 1024K, 0% used [0x00000000d5900000,0x00000000d5900000,0x00000000d5a00000)
 ParOldGen       total 1033216K, used 1033068K [0x0000000080000000, 0x00000000bf100000, 0x00000000d5580000)
  object space 1033216K, 99% used [0x0000000080000000,0x00000000bf0db350,0x00000000bf100000)
 Metaspace       used 93610K, committed 95296K, reserved 1179648K
  class space    used 9344K, committed 10176K, reserved 1048576K
}
Event: 44014.763 GC heap after
{Heap after GC invocations=2480 (full 6):
 PSYoungGen      total 2048K, used 717K [0x00000000d5580000, 0x00000000d5a00000, 0x0000000100000000)
  eden space 1024K, 0% used [0x00000000d5580000,0x00000000d5580000,0x00000000d5680000)
  from space 1024K, 70% used [0x00000000d5900000,0x00000000d59b3688,0x00000000d5a00000)
  to   space 1024K, 0% used [0x00000000d5800000,0x00000000d5800000,0x00000000d5900000)
 ParOldGen       total 1034240K, used 1033844K [0x0000000080000000, 0x00000000bf200000, 0x00000000d5580000)
  object space 1034240K, 99% used [0x0000000080000000,0x00000000bf19d1e0,0x00000000bf200000)
 Metaspace       used 93610K, committed 95296K, reserved 1179648K
  class space    used 9344K, committed 10176K, reserved 1048576K
}
Event: 44014.783 GC heap before
{Heap before GC invocations=2481 (full 6):
 PSYoungGen      total 2048K, used 1741K [0x00000000d5580000, 0x00000000d5a00000, 0x0000000100000000)
  eden space 1024K, 100% used [0x00000000d5580000,0x00000000d5680000,0x00000000d5680000)
  from space 1024K, 70% used [0x00000000d5900000,0x00000000d59b3688,0x00000000d5a00000)
  to   space 1024K, 0% used [0x00000000d5800000,0x00000000d5800000,0x00000000d5900000)
 ParOldGen       total 1034240K, used 1033844K [0x0000000080000000, 0x00000000bf200000, 0x00000000d5580000)
  object space 1034240K, 99% used [0x0000000080000000,0x00000000bf19d1e0,0x00000000bf200000)
 Metaspace       used 93610K, committed 95296K, reserved 1179648K
  class space    used 9344K, committed 10176K, reserved 1048576K
}
Event: 44014.791 GC heap after
{Heap after GC invocations=2481 (full 6):
 PSYoungGen      total 2048K, used 192K [0x00000000d5580000, 0x00000000d5980000, 0x0000000100000000)
  eden space 1024K, 0% used [0x00000000d5580000,0x00000000d5580000,0x00000000d5680000)
  from space 1024K, 18% used [0x00000000d5800000,0x00000000d5830000,0x00000000d5900000)
  to   space 512K, 0% used [0x00000000d5900000,0x00000000d5900000,0x00000000d5980000)
 ParOldGen       total 1034752K, used 1034536K [0x0000000080000000, 0x00000000bf280000, 0x00000000d5580000)
  object space 1034752K, 99% used [0x0000000080000000,0x00000000bf24a200,0x00000000bf280000)
 Metaspace       used 93610K, committed 95296K, reserved 1179648K
  class space    used 9344K, committed 10176K, reserved 1048576K
}
Event: 44014.853 GC heap before
{Heap before GC invocations=2482 (full 6):
 PSYoungGen      total 2048K, used 1216K [0x00000000d5580000, 0x00000000d5980000, 0x0000000100000000)
  eden space 1024K, 100% used [0x00000000d5580000,0x00000000d5680000,0x00000000d5680000)
  from space 1024K, 18% used [0x00000000d5800000,0x00000000d5830000,0x00000000d5900000)
  to   space 512K, 0% used [0x00000000d5900000,0x00000000d5900000,0x00000000d5980000)
 ParOldGen       total 1034752K, used 1034536K [0x0000000080000000, 0x00000000bf280000, 0x00000000d5580000)
  object space 1034752K, 99% used [0x0000000080000000,0x00000000bf24a200,0x00000000bf280000)
 Metaspace       used 93610K, committed 95296K, reserved 1179648K
  class space    used 9344K, committed 10176K, reserved 1048576K
}
Event: 44014.860 GC heap after
{Heap after GC invocations=2482 (full 6):
 PSYoungGen      total 1536K, used 160K [0x00000000d5580000, 0x00000000d5980000, 0x0000000100000000)
  eden space 1024K, 0% used [0x00000000d5580000,0x00000000d5580000,0x00000000d5680000)
  from space 512K, 31% used [0x00000000d5900000,0x00000000d5928000,0x00000000d5980000)
  to   space 512K, 0% used [0x00000000d5880000,0x00000000d5880000,0x00000000d5900000)
 ParOldGen       total 1034752K, used 1034688K [0x0000000080000000, 0x00000000bf280000, 0x00000000d5580000)
  object space 1034752K, 99% used [0x0000000080000000,0x00000000bf270200,0x00000000bf280000)
 Metaspace       used 93610K, committed 95296K, reserved 1179648K
  class space    used 9344K, committed 10176K, reserved 1048576K
}
Event: 44014.862 GC heap before
{Heap before GC invocations=2483 (full 6):
 PSYoungGen      total 1536K, used 1184K [0x00000000d5580000, 0x00000000d5980000, 0x0000000100000000)
  eden space 1024K, 100% used [0x00000000d5580000,0x00000000d5680000,0x00000000d5680000)
  from space 512K, 31% used [0x00000000d5900000,0x00000000d5928000,0x00000000d5980000)
  to   space 512K, 0% used [0x00000000d5880000,0x00000000d5880000,0x00000000d5900000)
 ParOldGen       total 1034752K, used 1034688K [0x0000000080000000, 0x00000000bf280000, 0x00000000d5580000)
  object space 1034752K, 99% used [0x0000000080000000,0x00000000bf270200,0x00000000bf280000)
 Metaspace       used 93610K, committed 95296K, reserved 1179648K
  class space    used 9344K, committed 10176K, reserved 1048576K
}
Event: 44014.868 GC heap after
{Heap after GC invocations=2483 (full 6):
 PSYoungGen      total 2048K, used 64K [0x00000000d5580000, 0x00000000d5980000, 0x0000000100000000)
  eden space 1536K, 0% used [0x00000000d5580000,0x00000000d5580000,0x00000000d5700000)
  from space 512K, 12% used [0x00000000d5880000,0x00000000d5890000,0x00000000d5900000)
  to   space 512K, 0% used [0x00000000d5900000,0x00000000d5900000,0x00000000d5980000)
 ParOldGen       total 1035264K, used 1034796K [0x0000000080000000, 0x00000000bf300000, 0x00000000d5580000)
  object space 1035264K, 99% used [0x0000000080000000,0x00000000bf28b210,0x00000000bf300000)
 Metaspace       used 93610K, committed 95296K, reserved 1179648K
  class space    used 9344K, committed 10176K, reserved 1048576K
}
Event: 44015.119 GC heap before
{Heap before GC invocations=2484 (full 6):
 PSYoungGen      total 2048K, used 1600K [0x00000000d5580000, 0x00000000d5980000, 0x0000000100000000)
  eden space 1536K, 100% used [0x00000000d5580000,0x00000000d5700000,0x00000000d5700000)
  from space 512K, 12% used [0x00000000d5880000,0x00000000d5890000,0x00000000d5900000)
  to   space 512K, 0% used [0x00000000d5900000,0x00000000d5900000,0x00000000d5980000)
 ParOldGen       total 1035264K, used 1034796K [0x0000000080000000, 0x00000000bf300000, 0x00000000d5580000)
  object space 1035264K, 99% used [0x0000000080000000,0x00000000bf28b210,0x00000000bf300000)
 Metaspace       used 93610K, committed 95296K, reserved 1179648K
  class space    used 9344K, committed 10176K, reserved 1048576K
}
Event: 44015.124 GC heap after
{Heap after GC invocations=2484 (full 6):
 PSYoungGen      total 2560K, used 352K [0x00000000d5580000, 0x00000000d5980000, 0x0000000100000000)
  eden space 2048K, 0% used [0x00000000d5580000,0x00000000d5580000,0x00000000d5780000)
  from space 512K, 68% used [0x00000000d5900000,0x00000000d5958000,0x00000000d5980000)
  to   space 512K, 0% used [0x00000000d5880000,0x00000000d5880000,0x00000000d5900000)
 ParOldGen       total 1035264K, used 1034844K [0x0000000080000000, 0x00000000bf300000, 0x00000000d5580000)
  object space 1035264K, 99% used [0x0000000080000000,0x00000000bf297210,0x00000000bf300000)
 Metaspace       used 93610K, committed 95296K, reserved 1179648K
  class space    used 9344K, committed 10176K, reserved 1048576K
}
Event: 44016.279 GC heap before
{Heap before GC invocations=2485 (full 6):
 PSYoungGen      total 2560K, used 2400K [0x00000000d5580000, 0x00000000d5980000, 0x0000000100000000)
  eden space 2048K, 100% used [0x00000000d5580000,0x00000000d5780000,0x00000000d5780000)
  from space 512K, 68% used [0x00000000d5900000,0x00000000d5958000,0x00000000d5980000)
  to   space 512K, 0% used [0x00000000d5880000,0x00000000d5880000,0x00000000d5900000)
 ParOldGen       total 1035264K, used 1034844K [0x0000000080000000, 0x00000000bf300000, 0x00000000d5580000)
  object space 1035264K, 99% used [0x0000000080000000,0x00000000bf297210,0x00000000bf300000)
 Metaspace       used 93610K, committed 95296K, reserved 1179648K
  class space    used 9344K, committed 10176K, reserved 1048576K
}
Event: 44016.285 GC heap after
{Heap after GC invocations=2485 (full 6):
 PSYoungGen      total 2560K, used 320K [0x00000000d5580000, 0x00000000d5980000, 0x0000000100000000)
  eden space 2048K, 0% used [0x00000000d5580000,0x00000000d5580000,0x00000000d5780000)
  from space 512K, 62% used [0x00000000d5880000,0x00000000d58d0000,0x00000000d5900000)
  to   space 512K, 0% used [0x00000000d5900000,0x00000000d5900000,0x00000000d5980000)
 ParOldGen       total 1035264K, used 1035153K [0x0000000080000000, 0x00000000bf300000, 0x00000000d5580000)
  object space 1035264K, 99% used [0x0000000080000000,0x00000000bf2e4700,0x00000000bf300000)
 Metaspace       used 93610K, committed 95296K, reserved 1179648K
  class space    used 9344K, committed 10176K, reserved 1048576K
}
Event: 44194.516 GC heap before
{Heap before GC invocations=2486 (full 6):
 PSYoungGen      total 2560K, used 2367K [0x00000000d5580000, 0x00000000d5980000, 0x0000000100000000)
  eden space 2048K, 99% used [0x00000000d5580000,0x00000000d577ffc8,0x00000000d5780000)
  from space 512K, 62% used [0x00000000d5880000,0x00000000d58d0000,0x00000000d5900000)
  to   space 512K, 0% used [0x00000000d5900000,0x00000000d5900000,0x00000000d5980000)
 ParOldGen       total 1035264K, used 1035153K [0x0000000080000000, 0x00000000bf300000, 0x00000000d5580000)
  object space 1035264K, 99% used [0x0000000080000000,0x00000000bf2e4700,0x00000000bf300000)
 Metaspace       used 93613K, committed 95296K, reserved 1179648K
  class space    used 9344K, committed 10176K, reserved 1048576K
}
Event: 44194.875 GC heap after
{Heap after GC invocations=2486 (full 6):
 PSYoungGen      total 2560K, used 64K [0x00000000d5580000, 0x00000000d5980000, 0x0000000100000000)
  eden space 2048K, 0% used [0x00000000d5580000,0x00000000d5580000,0x00000000d5780000)
  from space 512K, 12% used [0x00000000d5900000,0x00000000d5910000,0x00000000d5980000)
  to   space 512K, 0% used [0x00000000d5880000,0x00000000d5880000,0x00000000d5900000)
 ParOldGen       total 1035776K, used 1035435K [0x0000000080000000, 0x00000000bf380000, 0x00000000d5580000)
  object space 1035776K, 99% used [0x0000000080000000,0x00000000bf32ad90,0x00000000bf380000)
 Metaspace       used 93613K, committed 95296K, reserved 1179648K
  class space    used 9344K, committed 10176K, reserved 1048576K
}

